<?xml version="1.0" encoding="UTF-8"?>
<testng-results ignored="1" total="2" passed="0" failed="1" skipped="0">
  <reporter-output>
  </reporter-output>
  <suite started-at="2023-03-02T19:15:29 IST" name="Default suite" finished-at="2023-03-02T19:15:46 IST" duration-ms="17268">
    <groups>
    </groups>
    <test started-at="2023-03-02T19:15:29 IST" name="Default test" finished-at="2023-03-02T19:15:46 IST" duration-ms="17268">
      <class name="Login.OrangeHRM_TestNG_TestClass">
        <test-method is-config="true" signature="openbrowser()[pri:0, instance:Login.OrangeHRM_TestNG_TestClass@3e58a80e]" started-at="2023-03-02T19:15:29 IST" name="openbrowser" finished-at="2023-03-02T19:15:40 IST" duration-ms="11578" status="PASS">
          <reporter-output>
          </reporter-output>
        </test-method> <!-- openbrowser -->
        <test-method is-config="true" signature="login()[pri:0, instance:Login.OrangeHRM_TestNG_TestClass@3e58a80e]" started-at="2023-03-02T19:15:40 IST" name="login" finished-at="2023-03-02T19:15:43 IST" duration-ms="2302" status="PASS">
          <reporter-output>
          </reporter-output>
        </test-method> <!-- login -->
        <test-method signature="verifyUsername()[pri:0, instance:Login.OrangeHRM_TestNG_TestClass@3e58a80e]" started-at="2023-03-02T19:15:43 IST" name="verifyUsername" finished-at="2023-03-02T19:15:44 IST" duration-ms="1768" status="FAIL">
          <exception class="java.lang.AssertionError">
            <message>
              <![CDATA[expected [Collings] but found [YeeStarr KelleeLittle]]]>
            </message>
            <full-stacktrace>
              <![CDATA[java.lang.AssertionError: expected [Collings] but found [YeeStarr KelleeLittle]
at org.testng.Assert.fail(Assert.java:99)
at org.testng.Assert.failNotEquals(Assert.java:1037)
at org.testng.Assert.assertEqualsImpl(Assert.java:140)
at org.testng.Assert.assertEquals(Assert.java:122)
at org.testng.Assert.assertEquals(Assert.java:629)
at org.testng.Assert.assertEquals(Assert.java:639)
at Login.OrangeHRM_TestNG_TestClass.verifyUsername(OrangeHRM_TestNG_TestClass.java:57)
at java.base/jdk.internal.reflect.NativeMethodAccessorImpl.invoke0(Native Method)
at java.base/jdk.internal.reflect.NativeMethodAccessorImpl.invoke(NativeMethodAccessorImpl.java:77)
at java.base/jdk.internal.reflect.DelegatingMethodAccessorImpl.invoke(DelegatingMethodAccessorImpl.java:43)
at java.base/java.lang.reflect.Method.invoke(Method.java:568)
at org.testng.internal.MethodInvocationHelper.invokeMethod(MethodInvocationHelper.java:133)
at org.testng.internal.TestInvoker.invokeMethod(TestInvoker.java:598)
at org.testng.internal.TestInvoker.invokeTestMethod(TestInvoker.java:173)
at org.testng.internal.MethodRunner.runInSequence(MethodRunner.java:46)
at org.testng.internal.TestInvoker$MethodInvocationAgent.invoke(TestInvoker.java:824)
at org.testng.internal.TestInvoker.invokeTestMethods(TestInvoker.java:146)
at org.testng.internal.TestMethodWorker.invokeTestMethods(TestMethodWorker.java:146)
at org.testng.internal.TestMethodWorker.run(TestMethodWorker.java:128)
at java.base/java.util.ArrayList.forEach(ArrayList.java:1511)
at org.testng.TestRunner.privateRun(TestRunner.java:794)
at org.testng.TestRunner.run(TestRunner.java:596)
at org.testng.SuiteRunner.runTest(SuiteRunner.java:377)
at org.testng.SuiteRunner.runSequentially(SuiteRunner.java:371)
at org.testng.SuiteRunner.privateRun(SuiteRunner.java:332)
at org.testng.SuiteRunner.run(SuiteRunner.java:276)
at org.testng.SuiteRunnerWorker.runSuite(SuiteRunnerWorker.java:53)
at org.testng.SuiteRunnerWorker.run(SuiteRunnerWorker.java:96)
at org.testng.TestNG.runSuitesSequentially(TestNG.java:1212)
at org.testng.TestNG.runSuitesLocally(TestNG.java:1134)
at org.testng.TestNG.runSuites(TestNG.java:1063)
at org.testng.TestNG.run(TestNG.java:1031)
at org.testng.remote.AbstractRemoteTestNG.run(AbstractRemoteTestNG.java:115)
at org.testng.remote.RemoteTestNG.initAndRun(RemoteTestNG.java:251)
at org.testng.remote.RemoteTestNG.main(RemoteTestNG.java:77)
]]>
            </full-stacktrace>
          </exception> <!-- java.lang.AssertionError -->
          <reporter-output>
          </reporter-output>
        </test-method> <!-- verifyUsername -->
        <test-method is-config="true" signature="logout(org.testng.ITestResult)[pri:0, instance:Login.OrangeHRM_TestNG_TestClass@3e58a80e]" started-at="2023-03-02T19:15:44 IST" name="logout" finished-at="2023-03-02T19:15:46 IST" duration-ms="1417" status="PASS">
          <params>
            <param index="0">
              <value>
                <![CDATA[[TestResult name=verifyUsername status=FAILURE method=OrangeHRM_TestNG_TestClass.verifyUsername()[pri:0, instance:Login.OrangeHRM_TestNG_TestClass@3e58a80e] output={null}]]]>
              </value>
            </param>
          </params>
          <reporter-output>
          </reporter-output>
        </test-method> <!-- logout -->
        <test-method is-config="true" signature="closebrowser()[pri:0, instance:Login.OrangeHRM_TestNG_TestClass@3e58a80e]" started-at="2023-03-02T19:15:46 IST" name="closebrowser" finished-at="2023-03-02T19:15:46 IST" duration-ms="148" status="PASS">
          <reporter-output>
          </reporter-output>
        </test-method> <!-- closebrowser -->
      </class> <!-- Login.OrangeHRM_TestNG_TestClass -->
    </test> <!-- Default test -->
  </suite> <!-- Default suite -->
</testng-results>
